2018-04-22 18:54:43,348 INFO    : [scrapy.utils.log] Scrapy 1.5.0 started (bot: mycrawler)
2018-04-22 18:54:43,368 INFO    : [scrapy.utils.log] Versions: lxml 4.2.1.0, libxml2 2.9.8, cssselect 1.0.3, parsel 1.4.0, w3lib 1.19.0, Twisted 17.9.0, Python 2.7.10 (default, Oct  6 2017, 22:29:07) - [GCC 4.2.1 Compatible Apple LLVM 9.0.0 (clang-900.0.31)], pyOpenSSL 17.5.0 (OpenSSL 1.1.0h  27 Mar 2018), cryptography 2.2.2, Platform Darwin-17.5.0-x86_64-i386-64bit
2018-04-22 18:54:43,372 INFO    : [scrapy.crawler] Overridden settings: {'NEWSPIDER_MODULE': 'mycrawler.spiders', 'SPIDER_MODULES': ['mycrawler.spiders'], 'ROBOTSTXT_OBEY': True, 'BOT_NAME': 'mycrawler'}
2018-04-22 18:54:43,427 INFO    : [scrapy.middleware] Enabled extensions:
['scrapy.extensions.memusage.MemoryUsage',
 'scrapy.extensions.logstats.LogStats',
 'scrapy.extensions.telnet.TelnetConsole',
 'scrapy.extensions.corestats.CoreStats']
2018-04-22 18:54:43,481 INFO    : [scrapy.middleware] Enabled downloader middlewares:
['scrapy.downloadermiddlewares.robotstxt.RobotsTxtMiddleware',
 'scrapy.downloadermiddlewares.httpauth.HttpAuthMiddleware',
 'scrapy.downloadermiddlewares.downloadtimeout.DownloadTimeoutMiddleware',
 'scrapy.downloadermiddlewares.defaultheaders.DefaultHeadersMiddleware',
 'scrapy.downloadermiddlewares.useragent.UserAgentMiddleware',
 'scrapy.downloadermiddlewares.retry.RetryMiddleware',
 'scrapy.downloadermiddlewares.redirect.MetaRefreshMiddleware',
 'scrapy.downloadermiddlewares.httpcompression.HttpCompressionMiddleware',
 'scrapy.downloadermiddlewares.redirect.RedirectMiddleware',
 'scrapy.downloadermiddlewares.cookies.CookiesMiddleware',
 'scrapy.downloadermiddlewares.httpproxy.HttpProxyMiddleware',
 'scrapy.downloadermiddlewares.stats.DownloaderStats']
2018-04-22 18:54:43,485 INFO    : [scrapy.middleware] Enabled spider middlewares:
['scrapy.spidermiddlewares.httperror.HttpErrorMiddleware',
 'scrapy.spidermiddlewares.offsite.OffsiteMiddleware',
 'scrapy.spidermiddlewares.referer.RefererMiddleware',
 'scrapy.spidermiddlewares.urllength.UrlLengthMiddleware',
 'scrapy.spidermiddlewares.depth.DepthMiddleware']
2018-04-22 18:54:43,486 INFO    : [scrapy.middleware] Enabled item pipelines:
[]
2018-04-22 18:54:43,486 INFO    : [scrapy.core.engine] Spider opened
2018-04-22 18:54:43,494 INFO    : [scrapy.extensions.logstats] Crawled 0 pages (at 0 pages/min), scraped 0 items (at 0 items/min)
2018-04-22 18:54:43,496 DEBUG   : [scrapy.extensions.telnet] Telnet console listening on 127.0.0.1:6023
2018-04-22 18:54:43,641 DEBUG   : [scrapy.core.engine] Crawled (200) <GET http://vip.mk.co.kr/robots.txt> (referer: None)
2018-04-22 18:54:46,109 DEBUG   : [scrapy.core.engine] Crawled (200) <GET http://vip.mk.co.kr/price/005930> (referer: None)
2018-04-22 18:54:46,213 INFO    : [root        ] The url of the target is: http://vip.mk.co.kr/price/005930
2018-04-22 18:54:46,218 INFO    : [scrapy.core.engine] Closing spider (finished)
2018-04-22 18:54:46,219 INFO    : [scrapy.statscollectors] Dumping Scrapy stats:
{'downloader/request_bytes': 444,
 'downloader/request_count': 2,
 'downloader/request_method_count/GET': 2,
 'downloader/response_bytes': 23396,
 'downloader/response_count': 2,
 'downloader/response_status_count/200': 2,
 'finish_reason': 'finished',
 'finish_time': datetime.datetime(2018, 4, 22, 9, 54, 46, 218973),
 'log_count/DEBUG': 3,
 'log_count/INFO': 8,
 'memusage/max': 48414720,
 'memusage/startup': 48410624,
 'response_received_count': 2,
 'scheduler/dequeued': 1,
 'scheduler/dequeued/memory': 1,
 'scheduler/enqueued': 1,
 'scheduler/enqueued/memory': 1,
 'start_time': datetime.datetime(2018, 4, 22, 9, 54, 43, 494801)}
2018-04-22 18:54:46,220 INFO    : [scrapy.core.engine] Spider closed (finished)
